nohup: ignoring input
┌ Warning: Layer with Float32 parameters got Float64 input.
│   The input will be converted, but any earlier layers may be very slow.
│   layer = Dense(20 => 32, relu)  # 672 parameters
│   summary(x) = "20×100 adjoint(::Matrix{Float64}) with eltype Float64"
└ @ Flux ~/.julia/packages/Flux/3711C/src/layers/stateless.jl:60
Epoch 10: Avg Loss = 0.02703130729496479
Epoch 20: Avg Loss = 0.020494913328438998
Epoch 30: Avg Loss = 0.017566442480310796
Epoch 40: Avg Loss = 0.016519163958728312
Epoch 50: Avg Loss = 0.016054138829931616
Epoch 60: Avg Loss = 0.015817938838154078
Epoch 70: Avg Loss = 0.01565481096506119
Epoch 80: Avg Loss = 0.015508242622017861
Epoch 90: Avg Loss = 0.015332752214744687
Epoch 100: Avg Loss = 0.01511439986526966
o1 with random σ0 and β hat: 28.617107179021072
o2 with optimized σ0 and β hat: 32.21816061850397
o3 with rounded σ0(β hat) and β hat: 32.87280399516032
o4 with rounded σ0(β hat) and β truth: 26.272551730479265
o5 with rounded σ0(β truth) and β truth: 26.819454407023628
regret o5 - o4: 0.546902676544363
o1 with random σ0 and β hat: 20.207304500421177
o2 with optimized σ0 and β hat: 23.61912530095771
o3 with rounded σ0(β hat) and β hat: 24.245967288324625
o4 with rounded σ0(β hat) and β truth: 21.294545708855576
o5 with rounded σ0(β truth) and β truth: 20.573463476672003
regret o5 - o4: -0.7210822321835728
o1 with random σ0 and β hat: 19.901239358135175
o2 with optimized σ0 and β hat: 24.374102908764034
o3 with rounded σ0(β hat) and β hat: 24.563845188886
o4 with rounded σ0(β hat) and β truth: 30.771554997447645
o5 with rounded σ0(β truth) and β truth: 33.73650396968869
regret o5 - o4: 2.9649489722410465
o1 with random σ0 and β hat: 14.08370886676336
o2 with optimized σ0 and β hat: 19.22787453097862
o3 with rounded σ0(β hat) and β hat: 21.417856039861903
o4 with rounded σ0(β hat) and β truth: 19.50868541893717
o5 with rounded σ0(β truth) and β truth: 18.68553276272589
regret o5 - o4: -0.8231526562112776
o1 with random σ0 and β hat: 33.86161631258592
o2 with optimized σ0 and β hat: 35.856043005980474
o3 with rounded σ0(β hat) and β hat: 36.86974109679178
o4 with rounded σ0(β hat) and β truth: 38.901616473962314
o5 with rounded σ0(β truth) and β truth: 39.145644512474426
regret o5 - o4: 0.24402803851211274
o1 with random σ0 and β hat: 27.39196847561166
o2 with optimized σ0 and β hat: 30.449478028832985
o3 with rounded σ0(β hat) and β hat: 31.32522761639243
o4 with rounded σ0(β hat) and β truth: 23.34122163242514
o5 with rounded σ0(β truth) and β truth: 23.176005284704335
regret o5 - o4: -0.16521634772080418
o1 with random σ0 and β hat: 14.962199269675935
o2 with optimized σ0 and β hat: 21.123637924536503
o3 with rounded σ0(β hat) and β hat: 22.362022455870747
o4 with rounded σ0(β hat) and β truth: 18.871763313732963
o5 with rounded σ0(β truth) and β truth: 15.74849443869558
regret o5 - o4: -3.1232688750373825
o1 with random σ0 and β hat: 35.82853518168535
o2 with optimized σ0 and β hat: 38.2096487613854
o3 with rounded σ0(β hat) and β hat: 38.004534698452716
o4 with rounded σ0(β hat) and β truth: 37.4197348156453
o5 with rounded σ0(β truth) and β truth: 37.13714438448082
regret o5 - o4: -0.28259043116447913
o1 with random σ0 and β hat: 38.43948566229719
o2 with optimized σ0 and β hat: 40.86898958165694
o3 with rounded σ0(β hat) and β hat: 41.50026537431011
o4 with rounded σ0(β hat) and β truth: 37.32786960858908
o5 with rounded σ0(β truth) and β truth: 37.99573106201877
regret o5 - o4: 0.667861453429687
o1 with random σ0 and β hat: 22.493551624260917
o2 with optimized σ0 and β hat: 27.944450754802528
o3 with rounded σ0(β hat) and β hat: 28.63054097703534
o4 with rounded σ0(β hat) and β truth: 22.173645696237713
o5 with rounded σ0(β truth) and β truth: 22.705745469488587
regret o5 - o4: 0.5320997732508737
o1 with random σ0 and β hat: 25.302103773759043
o2 with optimized σ0 and β hat: 29.505406546655454
o3 with rounded σ0(β hat) and β hat: 30.276116027039247
o4 with rounded σ0(β hat) and β truth: 35.17900732696824
o5 with rounded σ0(β truth) and β truth: 35.81049778623207
regret o5 - o4: 0.63149045926383
o1 with random σ0 and β hat: 21.4243300700751
o2 with optimized σ0 and β hat: 26.070261673257196
o3 with rounded σ0(β hat) and β hat: 26.13672455098544
o4 with rounded σ0(β hat) and β truth: 27.023869105168924
o5 with rounded σ0(β truth) and β truth: 29.270332893378278
regret o5 - o4: 2.246463788209354
o1 with random σ0 and β hat: 19.64404435358661
o2 with optimized σ0 and β hat: 23.805378751644195
o3 with rounded σ0(β hat) and β hat: 25.050464745008373
o4 with rounded σ0(β hat) and β truth: 24.02990819689656
o5 with rounded σ0(β truth) and β truth: 25.476460831065133
regret o5 - o4: 1.4465526341685724
o1 with random σ0 and β hat: 23.018243855499556
o2 with optimized σ0 and β hat: 28.03640470522563
o3 with rounded σ0(β hat) and β hat: 29.55124230487713
o4 with rounded σ0(β hat) and β truth: 22.886396656763036
o5 with rounded σ0(β truth) and β truth: 25.612734079454256
regret o5 - o4: 2.72633742269122
o1 with random σ0 and β hat: 18.2464317235439
o2 with optimized σ0 and β hat: 23.21621559195823
o3 with rounded σ0(β hat) and β hat: 23.264927345317172
o4 with rounded σ0(β hat) and β truth: 24.322719780058254
o5 with rounded σ0(β truth) and β truth: 24.025164078535735
regret o5 - o4: -0.2975557015225192
o1 with random σ0 and β hat: 29.47602395465808
o2 with optimized σ0 and β hat: 31.60107226631455
o3 with rounded σ0(β hat) and β hat: 32.362711495167844
o4 with rounded σ0(β hat) and β truth: 26.415265609785475
o5 with rounded σ0(β truth) and β truth: 26.78475970663463
regret o5 - o4: 0.3694940968491558
o1 with random σ0 and β hat: 15.554797597556684
o2 with optimized σ0 and β hat: 21.81735852102762
o3 with rounded σ0(β hat) and β hat: 22.547118455024933
o4 with rounded σ0(β hat) and β truth: 20.5442233531043
o5 with rounded σ0(β truth) and β truth: 20.272370313600813
regret o5 - o4: -0.2718530395034868
o1 with random σ0 and β hat: 34.89897621226203
o2 with optimized σ0 and β hat: 38.26499275334878
o3 with rounded σ0(β hat) and β hat: 38.53548228617626
o4 with rounded σ0(β hat) and β truth: 39.04409613243897
o5 with rounded σ0(β truth) and β truth: 39.04409613243897
regret o5 - o4: 0.0
o1 with random σ0 and β hat: 16.21724581776974
o2 with optimized σ0 and β hat: 21.234610553250832
o3 with rounded σ0(β hat) and β hat: 22.30476943338359
o4 with rounded σ0(β hat) and β truth: 20.977116899103894
o5 with rounded σ0(β truth) and β truth: 20.434326940554378
regret o5 - o4: -0.5427899585495162
o1 with random σ0 and β hat: 18.492072866993084
o2 with optimized σ0 and β hat: 25.634040255132962
o3 with rounded σ0(β hat) and β hat: 26.06604343649687
o4 with rounded σ0(β hat) and β truth: 24.87426010092544
o5 with rounded σ0(β truth) and β truth: 25.73572239670082
regret o5 - o4: 0.8614622957753788
o1 with random σ0 and β hat: 17.693116266610062
o2 with optimized σ0 and β hat: 22.62003148763197
o3 with rounded σ0(β hat) and β hat: 23.38755629654257
o4 with rounded σ0(β hat) and β truth: 22.35523588006483
o5 with rounded σ0(β truth) and β truth: 22.712301593814594
regret o5 - o4: 0.3570657137497655
o1 with random σ0 and β hat: 26.353400134173807
o2 with optimized σ0 and β hat: 30.206056726705587
o3 with rounded σ0(β hat) and β hat: 31.14616146657792
o4 with rounded σ0(β hat) and β truth: 27.20477671144389
o5 with rounded σ0(β truth) and β truth: 29.324137683884445
regret o5 - o4: 2.1193609724405533
o1 with random σ0 and β hat: 21.147339299342313
o2 with optimized σ0 and β hat: 25.522613563894854
o3 with rounded σ0(β hat) and β hat: 26.277830396548907
o4 with rounded σ0(β hat) and β truth: 25.31805389999253
o5 with rounded σ0(β truth) and β truth: 25.107892580951603
regret o5 - o4: -0.21016131904092816
o1 with random σ0 and β hat: 27.135387373492705
o2 with optimized σ0 and β hat: 31.02107822627599
o3 with rounded σ0(β hat) and β hat: 30.7993954995536
o4 with rounded σ0(β hat) and β truth: 27.026496016298946
o5 with rounded σ0(β truth) and β truth: 28.55779704408588
regret o5 - o4: 1.5313010277869346
o1 with random σ0 and β hat: 35.38069430965164
o2 with optimized σ0 and β hat: 37.33036586207195
o3 with rounded σ0(β hat) and β hat: 38.282945656471774
o4 with rounded σ0(β hat) and β truth: 31.847807421455812
o5 with rounded σ0(β truth) and β truth: 33.50002384495459
regret o5 - o4: 1.6522164234987784
o1 with random σ0 and β hat: 22.924862417030635
o2 with optimized σ0 and β hat: 28.91843795801454
o3 with rounded σ0(β hat) and β hat: 29.666799387118726
o4 with rounded σ0(β hat) and β truth: 21.588875742598127
o5 with rounded σ0(β truth) and β truth: 21.588875742598127
regret o5 - o4: 0.0
o1 with random σ0 and β hat: 23.518984671669635
o2 with optimized σ0 and β hat: 27.833997464755264
o3 with rounded σ0(β hat) and β hat: 28.459955936392536
o4 with rounded σ0(β hat) and β truth: 25.549625675528834
o5 with rounded σ0(β truth) and β truth: 26.858531024699932
regret o5 - o4: 1.3089053491710985
o1 with random σ0 and β hat: 19.497379883487792
o2 with optimized σ0 and β hat: 24.327129962251973
o3 with rounded σ0(β hat) and β hat: 25.34582748374975
o4 with rounded σ0(β hat) and β truth: 21.867771172749656
o5 with rounded σ0(β truth) and β truth: 22.815207472568815
regret o5 - o4: 0.9474362998191594
o1 with random σ0 and β hat: 29.07563154887251
o2 with optimized σ0 and β hat: 33.47687978365934
o3 with rounded σ0(β hat) and β hat: 33.342620578695666
o4 with rounded σ0(β hat) and β truth: 27.33910568193819
o5 with rounded σ0(β truth) and β truth: 27.366000450663716
regret o5 - o4: 0.02689476872552632
o1 with random σ0 and β hat: 17.20208611172058
o2 with optimized σ0 and β hat: 22.62606375461528
o3 with rounded σ0(β hat) and β hat: 23.86091385166969
o4 with rounded σ0(β hat) and β truth: 27.99874461631666
o5 with rounded σ0(β truth) and β truth: 27.989787507303962
regret o5 - o4: -0.008957109012698083
o1 with random σ0 and β hat: 23.234850203580343
o2 with optimized σ0 and β hat: 27.355720714574048
o3 with rounded σ0(β hat) and β hat: 28.106843802870095
o4 with rounded σ0(β hat) and β truth: 25.356152374845813
o5 with rounded σ0(β truth) and β truth: 25.742870438345005
regret o5 - o4: 0.3867180634991918
o1 with random σ0 and β hat: 23.124621577767872
o2 with optimized σ0 and β hat: 28.694375612886752
o3 with rounded σ0(β hat) and β hat: 28.189508340312013
o4 with rounded σ0(β hat) and β truth: 25.38473057993245
o5 with rounded σ0(β truth) and β truth: 26.72102032388364
regret o5 - o4: 1.3362897439511876
o1 with random σ0 and β hat: 15.740067359560793
o2 with optimized σ0 and β hat: 21.33022528777211
o3 with rounded σ0(β hat) and β hat: 21.810487175185173
o4 with rounded σ0(β hat) and β truth: 16.569293228685634
o5 with rounded σ0(β truth) and β truth: 15.657759185270253
regret o5 - o4: -0.9115340434153811
o1 with random σ0 and β hat: 26.620314918229173
o2 with optimized σ0 and β hat: 30.402317479487344
o3 with rounded σ0(β hat) and β hat: 30.90259364504824
o4 with rounded σ0(β hat) and β truth: 27.498779932632168
o5 with rounded σ0(β truth) and β truth: 28.126637975238992
regret o5 - o4: 0.6278580426068245
o1 with random σ0 and β hat: 18.699401213901673
o2 with optimized σ0 and β hat: 23.213496294191778
o3 with rounded σ0(β hat) and β hat: 24.31158514987813
o4 with rounded σ0(β hat) and β truth: 29.92316133013293
o5 with rounded σ0(β truth) and β truth: 31.123547870912827
regret o5 - o4: 1.2003865407798955
o1 with random σ0 and β hat: 29.885804043002228
o2 with optimized σ0 and β hat: 32.2015408743697
o3 with rounded σ0(β hat) and β hat: 32.75126101954517
o4 with rounded σ0(β hat) and β truth: 29.874764672942053
o5 with rounded σ0(β truth) and β truth: 30.46769153764258
regret o5 - o4: 0.5929268647005266
o1 with random σ0 and β hat: 19.61845745943271
o2 with optimized σ0 and β hat: 24.835789673457583
o3 with rounded σ0(β hat) and β hat: 24.85925654326602
o4 with rounded σ0(β hat) and β truth: 26.550825590770224
o5 with rounded σ0(β truth) and β truth: 28.14213523490052
regret o5 - o4: 1.5913096441302947
o1 with random σ0 and β hat: 28.20467650399161
o2 with optimized σ0 and β hat: 31.726521393780963
o3 with rounded σ0(β hat) and β hat: 32.89708621427693
o4 with rounded σ0(β hat) and β truth: 29.173609772955636
o5 with rounded σ0(β truth) and β truth: 28.92876908194175
regret o5 - o4: -0.24484069101388783
o1 with random σ0 and β hat: 44.974104695544696
o2 with optimized σ0 and β hat: 47.047113336548364
o3 with rounded σ0(β hat) and β hat: 46.724459839410265
o4 with rounded σ0(β hat) and β truth: 48.89215022519737
o5 with rounded σ0(β truth) and β truth: 50.21428443803169
regret o5 - o4: 1.322134212834321
o1 with random σ0 and β hat: 14.907278118580614
o2 with optimized σ0 and β hat: 21.023298000278235
o3 with rounded σ0(β hat) and β hat: 21.629533658601147
o4 with rounded σ0(β hat) and β truth: 20.25562037475255
o5 with rounded σ0(β truth) and β truth: 21.153679713592652
regret o5 - o4: 0.8980593388401026
o1 with random σ0 and β hat: 26.86808662524371
o2 with optimized σ0 and β hat: 30.88963376094148
o3 with rounded σ0(β hat) and β hat: 31.135523656151904
o4 with rounded σ0(β hat) and β truth: 26.930783259101737
o5 with rounded σ0(β truth) and β truth: 27.3332646536561
regret o5 - o4: 0.40248139455436416
o1 with random σ0 and β hat: 18.384746394156547
o2 with optimized σ0 and β hat: 23.743028779393267
o3 with rounded σ0(β hat) and β hat: 24.218458959312656
o4 with rounded σ0(β hat) and β truth: 25.210224521599592
o5 with rounded σ0(β truth) and β truth: 24.659445516960773
regret o5 - o4: -0.5507790046388195
o1 with random σ0 and β hat: 29.02895786019081
o2 with optimized σ0 and β hat: 31.365513245647307
o3 with rounded σ0(β hat) and β hat: 31.908738933261233
o4 with rounded σ0(β hat) and β truth: 32.18528934697295
o5 with rounded σ0(β truth) and β truth: 33.70399017535225
regret o5 - o4: 1.518700828379302
o1 with random σ0 and β hat: 35.66855398806366
o2 with optimized σ0 and β hat: 37.39349748245375
o3 with rounded σ0(β hat) and β hat: 38.35354288485668
o4 with rounded σ0(β hat) and β truth: 20.005534352566798
o5 with rounded σ0(β truth) and β truth: 23.173864695507085
regret o5 - o4: 3.168330342940287
o1 with random σ0 and β hat: 26.541326694120052
o2 with optimized σ0 and β hat: 29.374684813492923
o3 with rounded σ0(β hat) and β hat: 29.19431226770581
o4 with rounded σ0(β hat) and β truth: 21.17615929838373
o5 with rounded σ0(β truth) and β truth: 23.345240921418426
regret o5 - o4: 2.169081623034696
o1 with random σ0 and β hat: 23.92878836313274
o2 with optimized σ0 and β hat: 29.381735010275843
o3 with rounded σ0(β hat) and β hat: 30.26447791742469
o4 with rounded σ0(β hat) and β truth: 26.07388111736518
o5 with rounded σ0(β truth) and β truth: 26.46883047480674
regret o5 - o4: 0.39494935744156123
o1 with random σ0 and β hat: 30.331318874569277
o2 with optimized σ0 and β hat: 33.69686707909849
o3 with rounded σ0(β hat) and β hat: 34.60935976288697
o4 with rounded σ0(β hat) and β truth: 33.394950548973995
o5 with rounded σ0(β truth) and β truth: 34.12381022486887
regret o5 - o4: 0.7288596758948742
o1 with random σ0 and β hat: 40.148524882537444
o2 with optimized σ0 and β hat: 42.086309389769895
o3 with rounded σ0(β hat) and β hat: 42.27398004091562
o4 with rounded σ0(β hat) and β truth: 35.028169784106296
o5 with rounded σ0(β truth) and β truth: 37.24726081366802
regret o5 - o4: 2.2190910295617243
o1 with random σ0 and β hat: 26.454203122805826
o2 with optimized σ0 and β hat: 29.77887933620087
o3 with rounded σ0(β hat) and β hat: 30.7588401821467
o4 with rounded σ0(β hat) and β truth: 23.54736540341433
o5 with rounded σ0(β truth) and β truth: 24.38564765432028
regret o5 - o4: 0.8382822509059515
o1 with random σ0 and β hat: 24.333748524399965
o2 with optimized σ0 and β hat: 30.174774299091677
o3 with rounded σ0(β hat) and β hat: 30.62975501023724
o4 with rounded σ0(β hat) and β truth: 29.873587970790165
o5 with rounded σ0(β truth) and β truth: 31.35452601201495
regret o5 - o4: 1.4809380412247855
o1 with random σ0 and β hat: 26.596532017333516
o2 with optimized σ0 and β hat: 30.57625981096866
o3 with rounded σ0(β hat) and β hat: 31.45962410865556
o4 with rounded σ0(β hat) and β truth: 36.027481181976185
o5 with rounded σ0(β truth) and β truth: 37.69801910775913
regret o5 - o4: 1.670537925782945
o1 with random σ0 and β hat: 26.781229161852195
o2 with optimized σ0 and β hat: 31.4627047610392
o3 with rounded σ0(β hat) and β hat: 32.40719951886722
o4 with rounded σ0(β hat) and β truth: 41.38024681653171
o5 with rounded σ0(β truth) and β truth: 41.35814510676393
regret o5 - o4: -0.022101709767781585
o1 with random σ0 and β hat: 28.18242009170459
o2 with optimized σ0 and β hat: 31.25103476865091
o3 with rounded σ0(β hat) and β hat: 32.21428174809125
o4 with rounded σ0(β hat) and β truth: 25.074637055138837
o5 with rounded σ0(β truth) and β truth: 26.47602815498246
regret o5 - o4: 1.4013910998436216
o1 with random σ0 and β hat: 24.996165797119563
o2 with optimized σ0 and β hat: 29.514450177748103
o3 with rounded σ0(β hat) and β hat: 30.198492044555785
o4 with rounded σ0(β hat) and β truth: 22.308745282034646
o5 with rounded σ0(β truth) and β truth: 23.44368116478139
regret o5 - o4: 1.134935882746742
o1 with random σ0 and β hat: 26.129562460814075
o2 with optimized σ0 and β hat: 30.765959794101885
o3 with rounded σ0(β hat) and β hat: 30.987678642186335
o4 with rounded σ0(β hat) and β truth: 26.169833610287743
o5 with rounded σ0(β truth) and β truth: 27.908520331409516
regret o5 - o4: 1.7386867211217734
o1 with random σ0 and β hat: 26.47352715185366
o2 with optimized σ0 and β hat: 30.323031865153496
o3 with rounded σ0(β hat) and β hat: 31.418828743684728
o4 with rounded σ0(β hat) and β truth: 37.391129518020996
o5 with rounded σ0(β truth) and β truth: 37.366057034673055
regret o5 - o4: -0.025072483347940988
o1 with random σ0 and β hat: 21.517344439470342
o2 with optimized σ0 and β hat: 24.54544850999868
o3 with rounded σ0(β hat) and β hat: 25.460487136014592
o4 with rounded σ0(β hat) and β truth: 31.96037648423413
o5 with rounded σ0(β truth) and β truth: 33.71636465567686
regret o5 - o4: 1.7559881714427341
o1 with random σ0 and β hat: 20.42589274225797
o2 with optimized σ0 and β hat: 23.85271537100958
o3 with rounded σ0(β hat) and β hat: 24.445862307089676
o4 with rounded σ0(β hat) and β truth: 25.832412266292025
o5 with rounded σ0(β truth) and β truth: 26.772114264691755
regret o5 - o4: 0.9397019983997303
o1 with random σ0 and β hat: 28.921518623749655
o2 with optimized σ0 and β hat: 32.724601890160905
o3 with rounded σ0(β hat) and β hat: 33.37041601737967
o4 with rounded σ0(β hat) and β truth: 31.760401835563183
o5 with rounded σ0(β truth) and β truth: 33.171048841235624
regret o5 - o4: 1.4106470056724412
o1 with random σ0 and β hat: 28.452369260501275
o2 with optimized σ0 and β hat: 32.3354401751811
o3 with rounded σ0(β hat) and β hat: 32.55949101072733
o4 with rounded σ0(β hat) and β truth: 32.24428574728303
o5 with rounded σ0(β truth) and β truth: 31.841779477584303
regret o5 - o4: -0.40250626969872627
o1 with random σ0 and β hat: 17.071545377902403
o2 with optimized σ0 and β hat: 23.233646420536104
o3 with rounded σ0(β hat) and β hat: 23.688249608216744
o4 with rounded σ0(β hat) and β truth: 23.10816849570139
o5 with rounded σ0(β truth) and β truth: 24.160309433451484
regret o5 - o4: 1.0521409377500959
o1 with random σ0 and β hat: 23.282119104710084
o2 with optimized σ0 and β hat: 27.95840405943426
o3 with rounded σ0(β hat) and β hat: 29.335297655225283
o4 with rounded σ0(β hat) and β truth: 22.65379311310501
o5 with rounded σ0(β truth) and β truth: 22.491723845701678
regret o5 - o4: -0.16206926740333216
o1 with random σ0 and β hat: 33.60060714079675
o2 with optimized σ0 and β hat: 36.370083239232066
o3 with rounded σ0(β hat) and β hat: 37.23824132758875
o4 with rounded σ0(β hat) and β truth: 29.757123871120946
o5 with rounded σ0(β truth) and β truth: 30.83833799986805
regret o5 - o4: 1.0812141287471029
o1 with random σ0 and β hat: 16.620990756216244
o2 with optimized σ0 and β hat: 20.968530332221142
o3 with rounded σ0(β hat) and β hat: 21.186472543721123
o4 with rounded σ0(β hat) and β truth: 21.042976923132215
o5 with rounded σ0(β truth) and β truth: 22.20951333896892
regret o5 - o4: 1.1665364158367062
o1 with random σ0 and β hat: 23.113926787703033
o2 with optimized σ0 and β hat: 27.005118952481148
o3 with rounded σ0(β hat) and β hat: 28.31966323609244
o4 with rounded σ0(β hat) and β truth: 24.17495646745318
o5 with rounded σ0(β truth) and β truth: 21.672602992780405
regret o5 - o4: -2.5023534746727734
o1 with random σ0 and β hat: 31.383619545476776
o2 with optimized σ0 and β hat: 33.612759826073784
o3 with rounded σ0(β hat) and β hat: 34.30201949758526
o4 with rounded σ0(β hat) and β truth: 30.719005798576738
o5 with rounded σ0(β truth) and β truth: 31.45444446988368
regret o5 - o4: 0.735438671306941
o1 with random σ0 and β hat: 26.01450255154366
o2 with optimized σ0 and β hat: 29.721756695321
o3 with rounded σ0(β hat) and β hat: 30.93113133472153
o4 with rounded σ0(β hat) and β truth: 28.470628789703913
o5 with rounded σ0(β truth) and β truth: 28.80295611496811
regret o5 - o4: 0.33232732526419895
o1 with random σ0 and β hat: 25.476110078705855
o2 with optimized σ0 and β hat: 30.763423112415662
o3 with rounded σ0(β hat) and β hat: 30.68199163308617
o4 with rounded σ0(β hat) and β truth: 32.90890349488914
o5 with rounded σ0(β truth) and β truth: 34.2373527988641
regret o5 - o4: 1.3284493039749634
o1 with random σ0 and β hat: 24.003300272308298
o2 with optimized σ0 and β hat: 28.83754835430971
o3 with rounded σ0(β hat) and β hat: 29.252230549393527
o4 with rounded σ0(β hat) and β truth: 29.845477950064893
o5 with rounded σ0(β truth) and β truth: 29.50639641908584
regret o5 - o4: -0.3390815309790547
o1 with random σ0 and β hat: 31.924696492916432
o2 with optimized σ0 and β hat: 34.643073855494535
o3 with rounded σ0(β hat) and β hat: 36.05877936514791
o4 with rounded σ0(β hat) and β truth: 35.09735978585293
o5 with rounded σ0(β truth) and β truth: 35.5070111404092
regret o5 - o4: 0.4096513545562672
o1 with random σ0 and β hat: 22.720332262928586
o2 with optimized σ0 and β hat: 26.94761575881969
o3 with rounded σ0(β hat) and β hat: 28.50340081417721
o4 with rounded σ0(β hat) and β truth: 25.121476975435296
o5 with rounded σ0(β truth) and β truth: 25.29976844604195
regret o5 - o4: 0.17829147060665207
o1 with random σ0 and β hat: 15.934660515949778
o2 with optimized σ0 and β hat: 20.386643399360292
o3 with rounded σ0(β hat) and β hat: 21.778048537366814
o4 with rounded σ0(β hat) and β truth: 21.34855030243522
o5 with rounded σ0(β truth) and β truth: 22.533587693715305
regret o5 - o4: 1.1850373912800833
o1 with random σ0 and β hat: 17.830587311834588
o2 with optimized σ0 and β hat: 23.937982011838976
o3 with rounded σ0(β hat) and β hat: 23.692495169131288
o4 with rounded σ0(β hat) and β truth: 27.329598254947854
o5 with rounded σ0(β truth) and β truth: 28.700812622950266
regret o5 - o4: 1.3712143680024127
o1 with random σ0 and β hat: 24.24484760369491
o2 with optimized σ0 and β hat: 28.931579556466335
o3 with rounded σ0(β hat) and β hat: 27.846376881745826
o4 with rounded σ0(β hat) and β truth: 27.073533406312364
o5 with rounded σ0(β truth) and β truth: 29.94629652491433
regret o5 - o4: 2.8727631186019664
o1 with random σ0 and β hat: 35.84015542517337
o2 with optimized σ0 and β hat: 37.66755309760404
o3 with rounded σ0(β hat) and β hat: 38.513742948869805
o4 with rounded σ0(β hat) and β truth: 35.633244209058105
o5 with rounded σ0(β truth) and β truth: 36.2836084642141
regret o5 - o4: 0.650364255155992
o1 with random σ0 and β hat: 35.962754043347665
o2 with optimized σ0 and β hat: 38.011634862757035
o3 with rounded σ0(β hat) and β hat: 38.44390896269836
o4 with rounded σ0(β hat) and β truth: 27.959789661609186
o5 with rounded σ0(β truth) and β truth: 30.09751224606171
regret o5 - o4: 2.1377225844525256
o1 with random σ0 and β hat: 23.917292375823127
o2 with optimized σ0 and β hat: 28.711880464774584
o3 with rounded σ0(β hat) and β hat: 29.99527629323609
o4 with rounded σ0(β hat) and β truth: 35.0657309481048
o5 with rounded σ0(β truth) and β truth: 34.85167223729127
regret o5 - o4: -0.21405871081353212
o1 with random σ0 and β hat: 14.747217801967945
o2 with optimized σ0 and β hat: 21.1086471261934
o3 with rounded σ0(β hat) and β hat: 21.858579066702724
o4 with rounded σ0(β hat) and β truth: 23.835933055591294
o5 with rounded σ0(β truth) and β truth: 24.029353575341023
regret o5 - o4: 0.19342051974972918
o1 with random σ0 and β hat: 12.808599446278471
o2 with optimized σ0 and β hat: 18.181732980657916
o3 with rounded σ0(β hat) and β hat: 19.02891585020629
o4 with rounded σ0(β hat) and β truth: 17.69272603009597
o5 with rounded σ0(β truth) and β truth: 15.935781292002794
regret o5 - o4: -1.7569447380931749
o1 with random σ0 and β hat: 29.29652258804419
o2 with optimized σ0 and β hat: 32.665657702978415
o3 with rounded σ0(β hat) and β hat: 33.681045681209035
o4 with rounded σ0(β hat) and β truth: 28.978416380507753
o5 with rounded σ0(β truth) and β truth: 28.429300093721302
regret o5 - o4: -0.5491162867864503
o1 with random σ0 and β hat: 22.569602942263458
o2 with optimized σ0 and β hat: 26.67482206624068
o3 with rounded σ0(β hat) and β hat: 26.488890005561164
o4 with rounded σ0(β hat) and β truth: 28.527683223322494
o5 with rounded σ0(β truth) and β truth: 30.356170777545994
regret o5 - o4: 1.8284875542235
o1 with random σ0 and β hat: 26.68990630015225
o2 with optimized σ0 and β hat: 30.090039738182824
o3 with rounded σ0(β hat) and β hat: 30.618739270484944
o4 with rounded σ0(β hat) and β truth: 20.69521544273593
o5 with rounded σ0(β truth) and β truth: 21.493857546110625
regret o5 - o4: 0.7986421033746964
o1 with random σ0 and β hat: 23.668713794099354
o2 with optimized σ0 and β hat: 27.975232812652756
o3 with rounded σ0(β hat) and β hat: 28.414323431058314
o4 with rounded σ0(β hat) and β truth: 26.995185166155757
o5 with rounded σ0(β truth) and β truth: 28.664221190181255
regret o5 - o4: 1.6690360240254982
o1 with random σ0 and β hat: 24.22483824911071
o2 with optimized σ0 and β hat: 28.37543111194594
o3 with rounded σ0(β hat) and β hat: 29.62253727001648
o4 with rounded σ0(β hat) and β truth: 26.236175589085494
o5 with rounded σ0(β truth) and β truth: 25.46358625083226
regret o5 - o4: -0.7725893382532334
o1 with random σ0 and β hat: 22.272987317582736
o2 with optimized σ0 and β hat: 28.343040600905763
o3 with rounded σ0(β hat) and β hat: 29.39318701841097
o4 with rounded σ0(β hat) and β truth: 30.367953369516776
o5 with rounded σ0(β truth) and β truth: 31.61137597684889
regret o5 - o4: 1.2434226073321142
o1 with random σ0 and β hat: 25.87190568284034
o2 with optimized σ0 and β hat: 30.15208347326861
o3 with rounded σ0(β hat) and β hat: 30.99140884290735
o4 with rounded σ0(β hat) and β truth: 34.312950828230655
o5 with rounded σ0(β truth) and β truth: 36.026412484454156
regret o5 - o4: 1.713461656223501
o1 with random σ0 and β hat: 23.733712607553556
o2 with optimized σ0 and β hat: 28.503836374496245
o3 with rounded σ0(β hat) and β hat: 29.142163019332152
o4 with rounded σ0(β hat) and β truth: 29.32327337702518
o5 with rounded σ0(β truth) and β truth: 29.849347657507774
regret o5 - o4: 0.5260742804825931
o1 with random σ0 and β hat: 17.639910313008375
o2 with optimized σ0 and β hat: 23.15346280852574
o3 with rounded σ0(β hat) and β hat: 24.70522958157224
o4 with rounded σ0(β hat) and β truth: 19.446610787142994
o5 with rounded σ0(β truth) and β truth: 17.47314772599973
regret o5 - o4: -1.9734630611432635
o1 with random σ0 and β hat: 16.550938005415993
o2 with optimized σ0 and β hat: 21.430389617976942
o3 with rounded σ0(β hat) and β hat: 21.63890255411508
o4 with rounded σ0(β hat) and β truth: 17.53217610574659
o5 with rounded σ0(β truth) and β truth: 18.396905964649545
regret o5 - o4: 0.8647298589029546
o1 with random σ0 and β hat: 12.163888552507178
o2 with optimized σ0 and β hat: 18.3896690591707
o3 with rounded σ0(β hat) and β hat: 18.55407852128763
o4 with rounded σ0(β hat) and β truth: 16.450887675317933
o5 with rounded σ0(β truth) and β truth: 18.065085626855378
regret o5 - o4: 1.6141979515374452
o1 with random σ0 and β hat: 20.209410758439667
o2 with optimized σ0 and β hat: 27.005947232570417
o3 with rounded σ0(β hat) and β hat: 27.893166291084015
o4 with rounded σ0(β hat) and β truth: 23.674526276717682
o5 with rounded σ0(β truth) and β truth: 22.42383823166286
regret o5 - o4: -1.2506880450548223
o1 with random σ0 and β hat: 27.65961909369478
o2 with optimized σ0 and β hat: 31.832746030455024
o3 with rounded σ0(β hat) and β hat: 33.17019407341585
o4 with rounded σ0(β hat) and β truth: 35.333638430557734
o5 with rounded σ0(β truth) and β truth: 35.96611389522682
regret o5 - o4: 0.6324754646690849
o1 with random σ0 and β hat: 33.33285369079925
o2 with optimized σ0 and β hat: 36.96400166892093
o3 with rounded σ0(β hat) and β hat: 37.69835513102426
o4 with rounded σ0(β hat) and β truth: 40.15189726397109
o5 with rounded σ0(β truth) and β truth: 40.161382347800206
regret o5 - o4: 0.00948508382911939
o1 with random σ0 and β hat: 18.442932342645218
o2 with optimized σ0 and β hat: 23.966120672505966
o3 with rounded σ0(β hat) and β hat: 25.17101027589776
o4 with rounded σ0(β hat) and β truth: 21.161032253677277
o5 with rounded σ0(β truth) and β truth: 20.207927763012076
regret o5 - o4: -0.9531044906652006
o1 with random σ0 and β hat: 35.84479009358852
o2 with optimized σ0 and β hat: 36.9162030228044
o3 with rounded σ0(β hat) and β hat: 36.86968484543365
o4 with rounded σ0(β hat) and β truth: 37.793573983503464
o5 with rounded σ0(β truth) and β truth: 38.788558393001054
regret o5 - o4: 0.9949844094975901
o1 with random σ0 and β hat: 24.25842944980035
o2 with optimized σ0 and β hat: 29.310287210023667
o3 with rounded σ0(β hat) and β hat: 29.643720097973464
o4 with rounded σ0(β hat) and β truth: 29.227579978686254
o5 with rounded σ0(β truth) and β truth: 30.54090078332616
regret o5 - o4: 1.313320804639904
o1 with random σ0 and β hat: 23.41735604558217
o2 with optimized σ0 and β hat: 28.016022016791887
o3 with rounded σ0(β hat) and β hat: 29.325509511510916
o4 with rounded σ0(β hat) and β truth: 23.214279812742777
o5 with rounded σ0(β truth) and β truth: 23.835546052770056
regret o5 - o4: 0.6212662400272784
o1 with random σ0 and β hat: 15.655471492393245
o2 with optimized σ0 and β hat: 20.871946222004944
o3 with rounded σ0(β hat) and β hat: 20.52943819479971
o4 with rounded σ0(β hat) and β truth: 20.78179804963997
o5 with rounded σ0(β truth) and β truth: 21.96137981808955
regret o5 - o4: 1.1795817684495802
o1 with random σ0 and β hat: 27.075848074471164
o2 with optimized σ0 and β hat: 31.10587966272965
o3 with rounded σ0(β hat) and β hat: 31.866738854911464
o4 with rounded σ0(β hat) and β truth: 28.673059141810125
o5 with rounded σ0(β truth) and β truth: 30.688010640363686
regret o5 - o4: 2.014951498553561
o1 with random σ0 and β hat: 12.658516778434532
o2 with optimized σ0 and β hat: 17.35905294302327
o3 with rounded σ0(β hat) and β hat: 17.756345321166147
o4 with rounded σ0(β hat) and β truth: 18.07359309378054
o5 with rounded σ0(β truth) and β truth: 19.82216383950568
regret o5 - o4: 1.7485707457251394
15233.278141 seconds (277.25 G allocations: 9.157 TiB, 19.59% gc time, 0.12% compilation time)
